Сборка начата 24.12.2024 17:06:08.
Уровень детализации журнала: Normal.     1>Проект "C:\Users\renam\SOMETHING #1\LabRab\KPO\LabRab#18   +-\SE_Lab18\SE_Lab18\SE_Lab18.vcxproj" в узле 2 (целевые объекты Build).
     1>InitializeBuildStatus:
         Создание "Debug\SE_Lab18.tlog\unsuccessfulbuild", так как было задано "AlwaysCreate".
         Обращение к "Debug\SE_Lab18.tlog\unsuccessfulbuild".
       ClCompile:
         C:\Program Files\Microsoft Visual Studio\2022\Community\VC\Tools\MSVC\14.37.32822\bin\HostX86\x86\CL.exe /c /ZI /JMC /nologo /W3 /WX- /diagnostics:column /sdl /Od /Oy- /D WIN32 /D _DEBUG /D _CONSOLE /D _UNICODE /D UNICODE /Gm- /EHsc /RTC1 /MDd /GS /fp:precise /Zc:wchar_t /Zc:forScope /Zc:inline /permissive- /Fo"Debug\\" /Fd"Debug\vc143.pdb" /external:W3 /Gd /TP /analyze- /FC /errorReport:prompt Error.cpp FST.cpp GRB.cpp In.cpp IT.cpp LA.cpp Log.cpp LT.cpp MFST.cpp Out.cpp Parm.cpp SE_Lab18.cpp
         Error.cpp
         FST.cpp
     1>C:\Users\renam\SOMETHING #1\LabRab\KPO\LabRab#18   +-\SE_Lab18\SE_Lab18\FST.cpp(63,17): warning C4267: инициализация: преобразование из "size_t" в "short"; возможна потеря данных
         GRB.cpp
         In.cpp
     1>C:\Users\renam\SOMETHING #1\LabRab\KPO\LabRab#18   +-\SE_Lab18\SE_Lab18\In.cpp(29,45): warning C4018: <: несоответствие типов со знаком и без знака
         IT.cpp
         LA.cpp
     1>C:\Users\renam\SOMETHING #1\LabRab\KPO\LabRab#18   +-\SE_Lab18\SE_Lab18\LA.cpp(297,43): warning C4018: <: несоответствие типов со знаком и без знака
     1>C:\Users\renam\SOMETHING #1\LabRab\KPO\LabRab#18   +-\SE_Lab18\SE_Lab18\LA.cpp(454,31): warning C4018: <: несоответствие типов со знаком и без знака
     1>C:\Users\renam\SOMETHING #1\LabRab\KPO\LabRab#18   +-\SE_Lab18\SE_Lab18\LA.cpp(469,31): warning C4018: <: несоответствие типов со знаком и без знака
         Log.cpp
         LT.cpp
         MFST.cpp
     1>C:\Users\renam\SOMETHING #1\LabRab\KPO\LabRab#18   +-\SE_Lab18\SE_Lab18\MFST.cpp(250,36): warning C4267: =: преобразование из "size_t" в "short"; возможна потеря данных
         Out.cpp
         Parm.cpp
         SE_Lab18.cpp
         Создание кода...
       Link:
         C:\Program Files\Microsoft Visual Studio\2022\Community\VC\Tools\MSVC\14.37.32822\bin\HostX86\x86\link.exe /ERRORREPORT:PROMPT /OUT:"C:\Users\renam\SOMETHING #1\LabRab\KPO\LabRab#18   +-\SE_Lab18\Debug\SE_Lab18.exe" /INCREMENTAL /ILK:"Debug\SE_Lab18.ilk" /NOLOGO kernel32.lib user32.lib gdi32.lib winspool.lib comdlg32.lib advapi32.lib shell32.lib ole32.lib oleaut32.lib uuid.lib odbc32.lib odbccp32.lib /MANIFEST /MANIFESTUAC:"level='asInvoker' uiAccess='false'" /manifest:embed /DEBUG /PDB:"C:\Users\renam\SOMETHING #1\LabRab\KPO\LabRab#18   +-\SE_Lab18\Debug\SE_Lab18.pdb" /SUBSYSTEM:CONSOLE /TLBID:1 /DYNAMICBASE /NXCOMPAT /IMPLIB:"C:\Users\renam\SOMETHING #1\LabRab\KPO\LabRab#18   +-\SE_Lab18\Debug\SE_Lab18.lib" /MACHINE:X86 Debug\Error.obj
         Debug\FST.obj
         Debug\GRB.obj
         Debug\In.obj
         Debug\IT.obj
         Debug\LA.obj
         Debug\Log.obj
         Debug\LT.obj
         Debug\MFST.obj
         Debug\Out.obj
         Debug\Parm.obj
         Debug\SE_Lab18.obj
         SE_Lab18.vcxproj -> C:\Users\renam\SOMETHING #1\LabRab\KPO\LabRab#18   +-\SE_Lab18\Debug\SE_Lab18.exe
       TlogCleanup:
         Следующие элементы будут удалены из tlogs, так как они были удалены из проекта или сборки: C:\Users\renam\SOMETHING #1\LabRab\KPO   +\LabRab#18   +-\SE_Lab18\SE_Lab18\Error.cpp.
       FinalizeBuildStatus:
         Файл "Debug\SE_Lab18.tlog\unsuccessfulbuild" удаляется.
         Обращение к "Debug\SE_Lab18.tlog\SE_Lab18.lastbuildstate".
     1>Сборка проекта "C:\Users\renam\SOMETHING #1\LabRab\KPO\LabRab#18   +-\SE_Lab18\SE_Lab18\SE_Lab18.vcxproj" завершена (целевые объекты Build).

Сборка успешно завершена.

       "C:\Users\renam\SOMETHING #1\LabRab\KPO\LabRab#18   +-\SE_Lab18\SE_Lab18\SE_Lab18.vcxproj" (целевой объект Build ) (1) ->
       (Целевой объект ClCompile) -> 
         C:\Users\renam\SOMETHING #1\LabRab\KPO\LabRab#18   +-\SE_Lab18\SE_Lab18\FST.cpp(63,17): warning C4267: инициализация: преобразование из "size_t" в "short"; возможна потеря данных
         C:\Users\renam\SOMETHING #1\LabRab\KPO\LabRab#18   +-\SE_Lab18\SE_Lab18\In.cpp(29,45): warning C4018: <: несоответствие типов со знаком и без знака
         C:\Users\renam\SOMETHING #1\LabRab\KPO\LabRab#18   +-\SE_Lab18\SE_Lab18\LA.cpp(297,43): warning C4018: <: несоответствие типов со знаком и без знака
         C:\Users\renam\SOMETHING #1\LabRab\KPO\LabRab#18   +-\SE_Lab18\SE_Lab18\LA.cpp(454,31): warning C4018: <: несоответствие типов со знаком и без знака
         C:\Users\renam\SOMETHING #1\LabRab\KPO\LabRab#18   +-\SE_Lab18\SE_Lab18\LA.cpp(469,31): warning C4018: <: несоответствие типов со знаком и без знака
         C:\Users\renam\SOMETHING #1\LabRab\KPO\LabRab#18   +-\SE_Lab18\SE_Lab18\MFST.cpp(250,36): warning C4267: =: преобразование из "size_t" в "short"; возможна потеря данных

    Предупреждений: 6
    Ошибок: 0

Прошло времени 00:00:25.12
