Сборка начата 20.12.2024 23:14:17.
Уровень детализации журнала: Normal.     1>Проект "C:\Users\renam\SOMETHING #1\LabRab\KPO\LabRab#17   +\SE_Lab17\SE_Lab17.vcxproj" в узле 2 (целевые объекты Build).
     1>C:\Program Files\Microsoft Visual Studio\2022\Community\MSBuild\Microsoft\VC\v170\Microsoft.CppBuild.targets(531,5): warning MSB8028: промежуточный каталог (Debug\) содержит файлы, которые используются совместно с другим проектом (SE_Lab15.vcxproj).  Это может привести к ошибкам очистки и перестроения.
     1>InitializeBuildStatus:
         Создание "Debug\SE_Lab17.tlog\unsuccessfulbuild", так как было задано "AlwaysCreate".
         Обращение к "Debug\SE_Lab17.tlog\unsuccessfulbuild".
       ClCompile:
         C:\Program Files\Microsoft Visual Studio\2022\Community\VC\Tools\MSVC\14.37.32822\bin\HostX86\x86\CL.exe /c /ZI /JMC /nologo /W3 /WX- /diagnostics:column /sdl /Od /Oy- /D WIN32 /D _DEBUG /D _CONSOLE /D _UNICODE /D UNICODE /Gm- /EHsc /RTC1 /MDd /GS /fp:precise /Zc:wchar_t /Zc:forScope /Zc:inline /permissive- /Fo"Debug\\" /Fd"Debug\vc143.pdb" /external:W3 /Gd /TP /analyze- /FC /errorReport:prompt Error.cpp FST.cpp In.cpp IT.cpp LA.cpp Log.cpp LT.cpp Out.cpp Parm.cpp SE_Lab17.cpp
         Error.cpp
         FST.cpp
     1>C:\Users\renam\SOMETHING #1\LabRab\KPO\LabRab#17   +\SE_Lab17\FST.cpp(63,17): warning C4267: инициализация: преобразование из "size_t" в "short"; возможна потеря данных
         In.cpp
     1>C:\Users\renam\SOMETHING #1\LabRab\KPO\LabRab#17   +\SE_Lab17\In.cpp(27,45): warning C4018: <: несоответствие типов со знаком и без знака
         IT.cpp
         LA.cpp
     1>C:\Users\renam\SOMETHING #1\LabRab\KPO\LabRab#17   +\SE_Lab17\LA.cpp(281,43): warning C4018: <: несоответствие типов со знаком и без знака
     1>C:\Users\renam\SOMETHING #1\LabRab\KPO\LabRab#17   +\SE_Lab17\LA.cpp(451,31): warning C4018: <: несоответствие типов со знаком и без знака
     1>C:\Users\renam\SOMETHING #1\LabRab\KPO\LabRab#17   +\SE_Lab17\LA.cpp(458,31): warning C4018: <: несоответствие типов со знаком и без знака
         Log.cpp
         LT.cpp
         Out.cpp
         Parm.cpp
         SE_Lab17.cpp
         Создание кода...
       Link:
         C:\Program Files\Microsoft Visual Studio\2022\Community\VC\Tools\MSVC\14.37.32822\bin\HostX86\x86\link.exe /ERRORREPORT:PROMPT /OUT:"C:\Users\renam\SOMETHING #1\LabRab\KPO\LabRab#17   +\Debug\SE_Lab17.exe" /INCREMENTAL /ILK:"Debug\SE_Lab17.ilk" /NOLOGO kernel32.lib user32.lib gdi32.lib winspool.lib comdlg32.lib advapi32.lib shell32.lib ole32.lib oleaut32.lib uuid.lib odbc32.lib odbccp32.lib /MANIFEST /MANIFESTUAC:"level='asInvoker' uiAccess='false'" /manifest:embed /DEBUG /PDB:"C:\Users\renam\SOMETHING #1\LabRab\KPO\LabRab#17   +\Debug\SE_Lab17.pdb" /SUBSYSTEM:CONSOLE /TLBID:1 /DYNAMICBASE /NXCOMPAT /IMPLIB:"C:\Users\renam\SOMETHING #1\LabRab\KPO\LabRab#17   +\Debug\SE_Lab17.lib" /MACHINE:X86 Debug\Error.obj
         Debug\FST.obj
         Debug\In.obj
         Debug\IT.obj
         Debug\LA.obj
         Debug\Log.obj
         Debug\LT.obj
         Debug\Out.obj
         Debug\Parm.obj
         Debug\SE_Lab17.obj
         SE_Lab17.vcxproj -> C:\Users\renam\SOMETHING #1\LabRab\KPO\LabRab#17   +\Debug\SE_Lab17.exe
       TlogCleanup:
         Следующие элементы будут удалены из tlogs, так как они были удалены из проекта или сборки: D:\BSTU\3 семестр\КПО\Лабораторная 17\SE_Lab17\SE_Lab17\Error.cpp.
       FinalizeBuildStatus:
         Файл "Debug\SE_Lab17.tlog\unsuccessfulbuild" удаляется.
         Обращение к "Debug\SE_Lab17.tlog\SE_Lab17.lastbuildstate".
     1>Сборка проекта "C:\Users\renam\SOMETHING #1\LabRab\KPO\LabRab#17   +\SE_Lab17\SE_Lab17.vcxproj" завершена (целевые объекты Build).

Сборка успешно завершена.

       "C:\Users\renam\SOMETHING #1\LabRab\KPO\LabRab#17   +\SE_Lab17\SE_Lab17.vcxproj" (целевой объект Build ) (1) ->
       (Целевой объект PrepareForBuild) -> 
         C:\Program Files\Microsoft Visual Studio\2022\Community\MSBuild\Microsoft\VC\v170\Microsoft.CppBuild.targets(531,5): warning MSB8028: промежуточный каталог (Debug\) содержит файлы, которые используются совместно с другим проектом (SE_Lab15.vcxproj).  Это может привести к ошибкам очистки и перестроения.


       "C:\Users\renam\SOMETHING #1\LabRab\KPO\LabRab#17   +\SE_Lab17\SE_Lab17.vcxproj" (целевой объект Build ) (1) ->
       (Целевой объект ClCompile) -> 
         C:\Users\renam\SOMETHING #1\LabRab\KPO\LabRab#17   +\SE_Lab17\FST.cpp(63,17): warning C4267: инициализация: преобразование из "size_t" в "short"; возможна потеря данных
         C:\Users\renam\SOMETHING #1\LabRab\KPO\LabRab#17   +\SE_Lab17\In.cpp(27,45): warning C4018: <: несоответствие типов со знаком и без знака
         C:\Users\renam\SOMETHING #1\LabRab\KPO\LabRab#17   +\SE_Lab17\LA.cpp(281,43): warning C4018: <: несоответствие типов со знаком и без знака
         C:\Users\renam\SOMETHING #1\LabRab\KPO\LabRab#17   +\SE_Lab17\LA.cpp(451,31): warning C4018: <: несоответствие типов со знаком и без знака
         C:\Users\renam\SOMETHING #1\LabRab\KPO\LabRab#17   +\SE_Lab17\LA.cpp(458,31): warning C4018: <: несоответствие типов со знаком и без знака

    Предупреждений: 6
    Ошибок: 0

Прошло времени 00:00:05.08
